CREATE DATABASE AlphaMotors;

USE AlphaMotors;

CREATE TABLE CLIENTE(
	ID_cliente INT PRIMARY KEY AUTO_INCREMENT,
	CPF VARCHAR(30) NOT NULL,UNIQUE,
	NOME VARCHAR(50) NOT NULL,
	DATA_NASCIMENTO DATE,
	NUM_CELULAR VARCHAR(20),
	EMAIL VARCHAR(50),
	RG VARCHAR(20)
);

CREATE TABLE FUNCIONARIOS(
	ID_funcionario INT PRIMARY KEY AUTO_INCREMENT,
	CPF VARCHAR(30) NOT NULL,
	RG VARCHAR (15) NOT NULL,
	SALARIO DECIMAL(10,2) NOT NULL,
	DATA_CONTRATO DATE,
	CARGO VARCHAR(50),
	FALTAS INT DEFAULT 0,
	DATA_NASCIMENTO DATE,
	NUM_CELULAR VARCHAR(20),
	EMAIL VARCHAR(50)
);

CREATE TABLE CARROS(
	ID_carro INT PRIMARY KEY AUTO_INCREMENT,
	NOME VARCHAR(50) NOT NULL,
	KM INT NOT NULL,
	NUM_DONOS INT,
	ANO VARCHAR(4) NOT NULL,
	PRECO DECIMAL(10,2),
	MODELO VARCHAR(30),
	STATUS VARCHAR(20) NOT NULL,
	CARACTERISTICAS JSON
);

CREATE TABLE VENDA(
	ID_venda INT PRIMARY KEY AUTO_INCREMENT,
	FORMA_PAG VARCHAR(20),
	DESCONTO DECIMAL(10,2),
	NUM_PARCELAS INT,
	JUROS DECIMAL(5,2),
	ENTRADA DECIMAL(12,2),
	VALOR_TOTAL DECIMAL(12,2),
	ID_cliente INT,
	ID_carro INT,
	ID_funcionario INT,
	FOREIGN KEY (ID_cliente) REFERENCES CLIENTE(ID_cliente),
	FOREIGN KEY (ID_carro) REFERENCES CARROS(ID_carro),
	FOREIGN KEY (ID_funcionario) REFERENCES FUNCIONARIOS(ID_funcionario)
);
	
	
	
	
	

